{"C:\\Users\\a\\OneDrive\\Desktop\\atrevido_fitness\\src\\assets\\logo2.png": {"path":"C:\\Users\\a\\OneDrive\\Desktop\\atrevido_fitness\\src\\assets\\logo2.png","statementMap":{},"fnMap":{},"branchMap":{},"s":{},"f":{},"b":{},"meta":{"lastBranch":0,"lastFunction":0,"lastStatement":0,"seen":{}}}
,"C:\\Users\\a\\OneDrive\\Desktop\\atrevido_fitness\\src\\components\\PhoneInput.jsx": {"path":"C:\\Users\\a\\OneDrive\\Desktop\\atrevido_fitness\\src\\components\\PhoneInput.jsx","statementMap":{"0":{"start":{"line":4,"column":20},"end":{"line":4,"column":null}},"1":{"start":{"line":8,"column":18},"end":{"line":8,"column":null}},"2":{"start":{"line":11,"column":4},"end":{"line":15,"column":null}},"3":{"start":{"line":13,"column":22},"end":{"line":13,"column":null}},"4":{"start":{"line":14,"column":8},"end":{"line":14,"column":null}},"5":{"start":{"line":17,"column":4},"end":{"line":19,"column":null}},"6":{"start":{"line":18,"column":8},"end":{"line":18,"column":null}},"7":{"start":{"line":21,"column":4},"end":{"line":21,"column":null}},"8":{"start":{"line":26,"column":19},"end":{"line":26,"column":null}},"9":{"start":{"line":26,"column":41},"end":{"line":26,"column":60}},"10":{"start":{"line":27,"column":4},"end":{"line":32,"column":null}},"11":{"start":{"line":28,"column":8},"end":{"line":31,"column":null}},"12":{"start":{"line":36,"column":19},"end":{"line":36,"column":null}},"13":{"start":{"line":37,"column":4},"end":{"line":39,"column":null}},"14":{"start":{"line":38,"column":8},"end":{"line":38,"column":null}},"15":{"start":{"line":40,"column":4},"end":{"line":42,"column":null}},"16":{"start":{"line":41,"column":8},"end":{"line":41,"column":null}},"17":{"start":{"line":43,"column":4},"end":{"line":43,"column":null}},"18":{"start":{"line":47,"column":19},"end":{"line":47,"column":null}},"19":{"start":{"line":48,"column":4},"end":{"line":48,"column":null}},"20":{"start":{"line":48,"column":28},"end":{"line":48,"column":null}},"21":{"start":{"line":49,"column":4},"end":{"line":49,"column":null}},"22":{"start":{"line":49,"column":28},"end":{"line":49,"column":null}},"23":{"start":{"line":50,"column":4},"end":{"line":50,"column":null}},"24":{"start":{"line":50,"column":28},"end":{"line":50,"column":null}},"25":{"start":{"line":51,"column":4},"end":{"line":51,"column":null}},"26":{"start":{"line":55,"column":4},"end":{"line":55,"column":null}},"27":{"start":{"line":55,"column":16},"end":{"line":55,"column":null}},"28":{"start":{"line":56,"column":4},"end":{"line":56,"column":null}},"29":{"start":{"line":60,"column":20},"end":{"line":60,"column":null}},"30":{"start":{"line":62,"column":23},"end":{"line":62,"column":null}},"31":{"start":{"line":64,"column":10},"end":{"line":82,"column":null}},"32":{"start":{"line":65,"column":18},"end":{"line":65,"column":null}},"33":{"start":{"line":68,"column":8},"end":{"line":71,"column":null}},"34":{"start":{"line":69,"column":12},"end":{"line":69,"column":null}},"35":{"start":{"line":70,"column":12},"end":{"line":70,"column":null}},"36":{"start":{"line":74,"column":8},"end":{"line":77,"column":null}},"37":{"start":{"line":75,"column":12},"end":{"line":75,"column":null}},"38":{"start":{"line":76,"column":12},"end":{"line":76,"column":null}},"39":{"start":{"line":80,"column":23},"end":{"line":80,"column":null}},"40":{"start":{"line":81,"column":8},"end":{"line":81,"column":null}},"41":{"start":{"line":84,"column":23},"end":{"line":84,"column":null}},"42":{"start":{"line":85,"column":22},"end":{"line":85,"column":null}},"43":{"start":{"line":87,"column":4},"end":{"line":115,"column":null}},"44":{"start":{"line":103,"column":34},"end":{"line":103,"column":null}}},"fnMap":{"0":{"name":"validateBAPhone","decl":{"start":{"line":6,"column":9},"end":{"line":6,"column":25}},"loc":{"start":{"line":6,"column":32},"end":{"line":22,"column":null}},"line":6},"1":{"name":"validateLocal","decl":{"start":{"line":24,"column":9},"end":{"line":24,"column":23}},"loc":{"start":{"line":24,"column":30},"end":{"line":44,"column":null}},"line":24},"2":{"name":"(anonymous_2)","decl":{"start":{"line":26,"column":31},"end":{"line":26,"column":36}},"loc":{"start":{"line":26,"column":41},"end":{"line":26,"column":60}},"line":26},"3":{"name":"formatBAPhone","decl":{"start":{"line":46,"column":16},"end":{"line":46,"column":30}},"loc":{"start":{"line":46,"column":37},"end":{"line":52,"column":null}},"line":46},"4":{"name":"isValidBAPhone","decl":{"start":{"line":54,"column":16},"end":{"line":54,"column":31}},"loc":{"start":{"line":54,"column":38},"end":{"line":57,"column":null}},"line":54},"5":{"name":"PhoneInput","decl":{"start":{"line":59,"column":24},"end":{"line":59,"column":35}},"loc":{"start":{"line":59,"column":110},"end":{"line":117,"column":null}},"line":59},"6":{"name":"(anonymous_6)","decl":{"start":{"line":64,"column":10},"end":{"line":64,"column":26}},"loc":{"start":{"line":64,"column":32},"end":{"line":82,"column":null}},"line":64},"7":{"name":"(anonymous_7)","decl":{"start":{"line":103,"column":20},"end":{"line":103,"column":34}},"loc":{"start":{"line":103,"column":34},"end":{"line":103,"column":null}},"line":103}},"branchMap":{"0":{"loc":{"start":{"line":11,"column":4},"end":{"line":15,"column":null}},"type":"if","locations":[{"start":{"line":11,"column":4},"end":{"line":15,"column":null}},{"start":{},"end":{}}],"line":11},"1":{"loc":{"start":{"line":17,"column":4},"end":{"line":19,"column":null}},"type":"if","locations":[{"start":{"line":17,"column":4},"end":{"line":19,"column":null}},{"start":{},"end":{}}],"line":17},"2":{"loc":{"start":{"line":27,"column":4},"end":{"line":32,"column":null}},"type":"if","locations":[{"start":{"line":27,"column":4},"end":{"line":32,"column":null}},{"start":{},"end":{}}],"line":27},"3":{"loc":{"start":{"line":37,"column":4},"end":{"line":39,"column":null}},"type":"if","locations":[{"start":{"line":37,"column":4},"end":{"line":39,"column":null}},{"start":{},"end":{}}],"line":37},"4":{"loc":{"start":{"line":40,"column":4},"end":{"line":42,"column":null}},"type":"if","locations":[{"start":{"line":40,"column":4},"end":{"line":42,"column":null}},{"start":{},"end":{}}],"line":40},"5":{"loc":{"start":{"line":48,"column":4},"end":{"line":48,"column":null}},"type":"if","locations":[{"start":{"line":48,"column":4},"end":{"line":48,"column":null}},{"start":{},"end":{}}],"line":48},"6":{"loc":{"start":{"line":49,"column":4},"end":{"line":49,"column":null}},"type":"if","locations":[{"start":{"line":49,"column":4},"end":{"line":49,"column":null}},{"start":{},"end":{}}],"line":49},"7":{"loc":{"start":{"line":50,"column":4},"end":{"line":50,"column":null}},"type":"if","locations":[{"start":{"line":50,"column":4},"end":{"line":50,"column":null}},{"start":{},"end":{}}],"line":50},"8":{"loc":{"start":{"line":55,"column":4},"end":{"line":55,"column":null}},"type":"if","locations":[{"start":{"line":55,"column":4},"end":{"line":55,"column":null}},{"start":{},"end":{}}],"line":55},"9":{"loc":{"start":{"line":59,"column":54},"end":{"line":59,"column":72}},"type":"default-arg","locations":[{"start":{"line":59,"column":65},"end":{"line":59,"column":72}}],"line":59},"10":{"loc":{"start":{"line":59,"column":72},"end":{"line":59,"column":92}},"type":"default-arg","locations":[{"start":{"line":59,"column":77},"end":{"line":59,"column":92}}],"line":59},"11":{"loc":{"start":{"line":59,"column":92},"end":{"line":59,"column":110}},"type":"default-arg","locations":[{"start":{"line":59,"column":104},"end":{"line":59,"column":110}}],"line":59},"12":{"loc":{"start":{"line":68,"column":8},"end":{"line":71,"column":null}},"type":"if","locations":[{"start":{"line":68,"column":8},"end":{"line":71,"column":null}},{"start":{},"end":{}}],"line":68},"13":{"loc":{"start":{"line":68,"column":12},"end":{"line":68,"column":72}},"type":"binary-expr","locations":[{"start":{"line":68,"column":12},"end":{"line":68,"column":29}},{"start":{"line":68,"column":29},"end":{"line":68,"column":45}},{"start":{"line":68,"column":45},"end":{"line":68,"column":60}},{"start":{"line":68,"column":60},"end":{"line":68,"column":72}}],"line":68},"14":{"loc":{"start":{"line":74,"column":8},"end":{"line":77,"column":null}},"type":"if","locations":[{"start":{"line":74,"column":8},"end":{"line":77,"column":null}},{"start":{},"end":{}}],"line":74},"15":{"loc":{"start":{"line":84,"column":23},"end":{"line":84,"column":null}},"type":"cond-expr","locations":[{"start":{"line":84,"column":31},"end":{"line":84,"column":56}},{"start":{"line":84,"column":56},"end":{"line":84,"column":null}}],"line":84},"16":{"loc":{"start":{"line":85,"column":22},"end":{"line":85,"column":null}},"type":"binary-expr","locations":[{"start":{"line":85,"column":22},"end":{"line":85,"column":33}},{"start":{"line":85,"column":33},"end":{"line":85,"column":42}},{"start":{"line":85,"column":42},"end":{"line":85,"column":null}}],"line":85},"17":{"loc":{"start":{"line":99,"column":48},"end":{"line":99,"column":null}},"type":"cond-expr","locations":[{"start":{"line":99,"column":60},"end":{"line":99,"column":83}},{"start":{"line":99,"column":83},"end":{"line":99,"column":null}}],"line":99},"18":{"loc":{"start":{"line":107,"column":13},"end":{"line":108,"column":null}},"type":"binary-expr","locations":[{"start":{"line":107,"column":13},"end":{"line":107,"column":null}},{"start":{"line":108,"column":16},"end":{"line":108,"column":null}}],"line":107},"19":{"loc":{"start":{"line":110,"column":13},"end":{"line":113,"column":null}},"type":"binary-expr","locations":[{"start":{"line":110,"column":13},"end":{"line":110,"column":null}},{"start":{"line":111,"column":16},"end":{"line":113,"column":null}}],"line":110}},"s":{"0":3,"1":6,"2":6,"3":1,"4":1,"5":5,"6":3,"7":2,"8":4,"9":18,"10":4,"11":2,"12":2,"13":2,"14":0,"15":2,"16":0,"17":2,"18":2,"19":2,"20":0,"21":2,"22":0,"23":2,"24":2,"25":0,"26":0,"27":0,"28":0,"29":33,"30":33,"31":33,"32":4,"33":4,"34":0,"35":0,"36":4,"37":2,"38":2,"39":2,"40":2,"41":33,"42":33,"43":33,"44":2},"f":{"0":6,"1":4,"2":18,"3":2,"4":0,"5":33,"6":4,"7":2},"b":{"0":[1,5],"1":[3,2],"2":[2,2],"3":[0,2],"4":[0,2],"5":[0,2],"6":[0,2],"7":[2,0],"8":[0,0],"9":[33],"10":[33],"11":[33],"12":[0,4],"13":[4,4,4,4],"14":[2,2],"15":[6,27],"16":[33,2,2],"17":[2,31],"18":[33,2],"19":[33,31]},"meta":{"lastBranch":20,"lastFunction":8,"lastStatement":45,"seen":{"s:4:20:4:Infinity":0,"f:6:9:6:25":0,"s:8:18:8:Infinity":1,"b:11:4:15:Infinity:undefined:undefined:undefined:undefined":0,"s:11:4:15:Infinity":2,"s:13:22:13:Infinity":3,"s:14:8:14:Infinity":4,"b:17:4:19:Infinity:undefined:undefined:undefined:undefined":1,"s:17:4:19:Infinity":5,"s:18:8:18:Infinity":6,"s:21:4:21:Infinity":7,"f:24:9:24:23":1,"s:26:19:26:Infinity":8,"f:26:31:26:36":2,"s:26:41:26:60":9,"b:27:4:32:Infinity:undefined:undefined:undefined:undefined":2,"s:27:4:32:Infinity":10,"s:28:8:31:Infinity":11,"s:36:19:36:Infinity":12,"b:37:4:39:Infinity:undefined:undefined:undefined:undefined":3,"s:37:4:39:Infinity":13,"s:38:8:38:Infinity":14,"b:40:4:42:Infinity:undefined:undefined:undefined:undefined":4,"s:40:4:42:Infinity":15,"s:41:8:41:Infinity":16,"s:43:4:43:Infinity":17,"f:46:16:46:30":3,"s:47:19:47:Infinity":18,"b:48:4:48:Infinity:undefined:undefined:undefined:undefined":5,"s:48:4:48:Infinity":19,"s:48:28:48:Infinity":20,"b:49:4:49:Infinity:undefined:undefined:undefined:undefined":6,"s:49:4:49:Infinity":21,"s:49:28:49:Infinity":22,"b:50:4:50:Infinity:undefined:undefined:undefined:undefined":7,"s:50:4:50:Infinity":23,"s:50:28:50:Infinity":24,"s:51:4:51:Infinity":25,"f:54:16:54:31":4,"b:55:4:55:Infinity:undefined:undefined:undefined:undefined":8,"s:55:4:55:Infinity":26,"s:55:16:55:Infinity":27,"s:56:4:56:Infinity":28,"f:59:24:59:35":5,"b:59:65:59:72":9,"b:59:77:59:92":10,"b:59:104:59:110":11,"s:60:20:60:Infinity":29,"s:62:23:62:Infinity":30,"s:64:10:82:Infinity":31,"f:64:10:64:26":6,"s:65:18:65:Infinity":32,"b:68:8:71:Infinity:undefined:undefined:undefined:undefined":12,"s:68:8:71:Infinity":33,"b:68:12:68:29:68:29:68:45:68:45:68:60:68:60:68:72":13,"s:69:12:69:Infinity":34,"s:70:12:70:Infinity":35,"b:74:8:77:Infinity:undefined:undefined:undefined:undefined":14,"s:74:8:77:Infinity":36,"s:75:12:75:Infinity":37,"s:76:12:76:Infinity":38,"s:80:23:80:Infinity":39,"s:81:8:81:Infinity":40,"s:84:23:84:Infinity":41,"b:84:31:84:56:84:56:84:Infinity":15,"s:85:22:85:Infinity":42,"b:85:22:85:33:85:33:85:42:85:42:85:Infinity":16,"s:87:4:115:Infinity":43,"b:99:60:99:83:99:83:99:Infinity":17,"f:103:20:103:34":7,"s:103:34:103:Infinity":44,"b:107:13:107:Infinity:108:16:108:Infinity":18,"b:110:13:110:Infinity:111:16:113:Infinity":19}}}
,"C:\\Users\\a\\OneDrive\\Desktop\\atrevido_fitness\\src\\components\\PublicNavbar.jsx": {"path":"C:\\Users\\a\\OneDrive\\Desktop\\atrevido_fitness\\src\\components\\PublicNavbar.jsx","statementMap":{"0":{"start":{"line":6,"column":17},"end":{"line":12,"column":null}},"1":{"start":{"line":15,"column":25},"end":{"line":15,"column":null}},"2":{"start":{"line":16,"column":10},"end":{"line":16,"column":null}},"3":{"start":{"line":18,"column":2},"end":{"line":106,"column":null}},"4":{"start":{"line":34,"column":12},"end":{"line":43,"column":null}},"5":{"start":{"line":66,"column":25},"end":{"line":66,"column":null}},"6":{"start":{"line":78,"column":14},"end":{"line":85,"column":null}},"7":{"start":{"line":82,"column":31},"end":{"line":82,"column":null}},"8":{"start":{"line":91,"column":31},"end":{"line":91,"column":null}},"9":{"start":{"line":98,"column":31},"end":{"line":98,"column":null}}},"fnMap":{"0":{"name":"PublicNavbar","decl":{"start":{"line":14,"column":24},"end":{"line":14,"column":39}},"loc":{"start":{"line":14,"column":39},"end":{"line":108,"column":null}},"line":14},"1":{"name":"(anonymous_1)","decl":{"start":{"line":33,"column":20},"end":{"line":33,"column":25}},"loc":{"start":{"line":34,"column":12},"end":{"line":43,"column":null}},"line":34},"2":{"name":"(anonymous_2)","decl":{"start":{"line":66,"column":10},"end":{"line":66,"column":25}},"loc":{"start":{"line":66,"column":25},"end":{"line":66,"column":null}},"line":66},"3":{"name":"(anonymous_3)","decl":{"start":{"line":77,"column":22},"end":{"line":77,"column":27}},"loc":{"start":{"line":78,"column":14},"end":{"line":85,"column":null}},"line":78},"4":{"name":"(anonymous_4)","decl":{"start":{"line":82,"column":16},"end":{"line":82,"column":31}},"loc":{"start":{"line":82,"column":31},"end":{"line":82,"column":null}},"line":82},"5":{"name":"(anonymous_5)","decl":{"start":{"line":91,"column":16},"end":{"line":91,"column":31}},"loc":{"start":{"line":91,"column":31},"end":{"line":91,"column":null}},"line":91},"6":{"name":"(anonymous_6)","decl":{"start":{"line":98,"column":16},"end":{"line":98,"column":31}},"loc":{"start":{"line":98,"column":31},"end":{"line":98,"column":null}},"line":98}},"branchMap":{"0":{"loc":{"start":{"line":39,"column":16},"end":{"line":39,"column":null}},"type":"cond-expr","locations":[{"start":{"line":39,"column":41},"end":{"line":39,"column":58}},{"start":{"line":39,"column":58},"end":{"line":39,"column":null}}],"line":39},"1":{"loc":{"start":{"line":69,"column":11},"end":{"line":69,"column":null}},"type":"cond-expr","locations":[{"start":{"line":69,"column":28},"end":{"line":69,"column":47}},{"start":{"line":69,"column":46},"end":{"line":69,"column":null}}],"line":69},"2":{"loc":{"start":{"line":74,"column":7},"end":{"line":106,"column":null}},"type":"binary-expr","locations":[{"start":{"line":74,"column":7},"end":{"line":74,"column":null}},{"start":{"line":75,"column":8},"end":{"line":106,"column":null}}],"line":74}},"s":{"0":1,"1":8,"2":8,"3":8,"4":40,"5":1,"6":5,"7":0,"8":0,"9":0},"f":{"0":8,"1":40,"2":1,"3":5,"4":0,"5":0,"6":0},"b":{"0":[8,32],"1":[1,7],"2":[8,1]},"meta":{"lastBranch":3,"lastFunction":7,"lastStatement":10,"seen":{"s:6:17:12:Infinity":0,"f:14:24:14:39":0,"s:15:25:15:Infinity":1,"s:16:10:16:Infinity":2,"s:18:2:106:Infinity":3,"f:33:20:33:25":1,"s:34:12:43:Infinity":4,"b:39:41:39:58:39:58:39:Infinity":0,"f:66:10:66:25":2,"s:66:25:66:Infinity":5,"b:69:28:69:47:69:46:69:Infinity":1,"b:74:7:74:Infinity:75:8:106:Infinity":2,"f:77:22:77:27":3,"s:78:14:85:Infinity":6,"f:82:16:82:31":4,"s:82:31:82:Infinity":7,"f:91:16:91:31":5,"s:91:31:91:Infinity":8,"f:98:16:98:31":6,"s:98:31:98:Infinity":9}}}
,"C:\\Users\\a\\OneDrive\\Desktop\\atrevido_fitness\\src\\context\\AuthContext.jsx": {"path":"C:\\Users\\a\\OneDrive\\Desktop\\atrevido_fitness\\src\\context\\AuthContext.jsx","statementMap":{"0":{"start":{"line":4,"column":6},"end":{"line":4,"column":null}},"1":{"start":{"line":7,"column":17},"end":{"line":7,"column":null}},"2":{"start":{"line":8,"column":20},"end":{"line":8,"column":null}},"3":{"start":{"line":10,"column":4},"end":{"line":23,"column":null}},"4":{"start":{"line":11,"column":22},"end":{"line":11,"column":null}},"5":{"start":{"line":12,"column":21},"end":{"line":12,"column":null}},"6":{"start":{"line":13,"column":26},"end":{"line":13,"column":null}},"7":{"start":{"line":14,"column":25},"end":{"line":14,"column":null}},"8":{"start":{"line":15,"column":23},"end":{"line":15,"column":null}},"9":{"start":{"line":16,"column":25},"end":{"line":16,"column":null}},"10":{"start":{"line":17,"column":29},"end":{"line":17,"column":null}},"11":{"start":{"line":19,"column":8},"end":{"line":21,"column":null}},"12":{"start":{"line":20,"column":12},"end":{"line":20,"column":null}},"13":{"start":{"line":22,"column":8},"end":{"line":22,"column":null}},"14":{"start":{"line":25,"column":18},"end":{"line":49,"column":null}},"15":{"start":{"line":26,"column":8},"end":{"line":26,"column":null}},"16":{"start":{"line":27,"column":8},"end":{"line":27,"column":null}},"17":{"start":{"line":28,"column":8},"end":{"line":28,"column":null}},"18":{"start":{"line":29,"column":8},"end":{"line":29,"column":null}},"19":{"start":{"line":30,"column":8},"end":{"line":30,"column":null}},"20":{"start":{"line":31,"column":8},"end":{"line":31,"column":null}},"21":{"start":{"line":33,"column":27},"end":{"line":33,"column":null}},"22":{"start":{"line":34,"column":8},"end":{"line":38,"column":null}},"23":{"start":{"line":35,"column":28},"end":{"line":35,"column":null}},"24":{"start":{"line":36,"column":12},"end":{"line":36,"column":null}},"25":{"start":{"line":37,"column":12},"end":{"line":37,"column":null}},"26":{"start":{"line":37,"column":30},"end":{"line":37,"column":null}},"27":{"start":{"line":40,"column":8},"end":{"line":48,"column":null}},"28":{"start":{"line":51,"column":26},"end":{"line":65,"column":null}},"29":{"start":{"line":52,"column":22},"end":{"line":52,"column":null}},"30":{"start":{"line":53,"column":8},"end":{"line":53,"column":null}},"31":{"start":{"line":53,"column":20},"end":{"line":53,"column":null}},"32":{"start":{"line":54,"column":8},"end":{"line":64,"column":null}},"33":{"start":{"line":55,"column":24},"end":{"line":57,"column":null}},"34":{"start":{"line":58,"column":12},"end":{"line":61,"column":null}},"35":{"start":{"line":59,"column":16},"end":{"line":59,"column":null}},"36":{"start":{"line":60,"column":16},"end":{"line":60,"column":null}},"37":{"start":{"line":63,"column":12},"end":{"line":63,"column":null}},"38":{"start":{"line":67,"column":10},"end":{"line":70,"column":null}},"39":{"start":{"line":68,"column":8},"end":{"line":68,"column":null}},"40":{"start":{"line":69,"column":8},"end":{"line":69,"column":null}},"41":{"start":{"line":69,"column":24},"end":{"line":69,"column":59}},"42":{"start":{"line":72,"column":10},"end":{"line":85,"column":null}},"43":{"start":{"line":73,"column":8},"end":{"line":73,"column":null}},"44":{"start":{"line":74,"column":8},"end":{"line":74,"column":null}},"45":{"start":{"line":74,"column":22},"end":{"line":74,"column":null}},"46":{"start":{"line":75,"column":8},"end":{"line":78,"column":null}},"47":{"start":{"line":76,"column":12},"end":{"line":77,"column":null}},"48":{"start":{"line":76,"column":30},"end":{"line":76,"column":null}},"49":{"start":{"line":77,"column":17},"end":{"line":77,"column":null}},"50":{"start":{"line":79,"column":8},"end":{"line":84,"column":null}},"51":{"start":{"line":79,"column":24},"end":{"line":84,"column":16}},"52":{"start":{"line":87,"column":10},"end":{"line":96,"column":null}},"53":{"start":{"line":88,"column":8},"end":{"line":88,"column":null}},"54":{"start":{"line":89,"column":8},"end":{"line":89,"column":null}},"55":{"start":{"line":90,"column":8},"end":{"line":90,"column":null}},"56":{"start":{"line":91,"column":8},"end":{"line":91,"column":null}},"57":{"start":{"line":92,"column":8},"end":{"line":92,"column":null}},"58":{"start":{"line":93,"column":8},"end":{"line":93,"column":null}},"59":{"start":{"line":94,"column":8},"end":{"line":94,"column":null}},"60":{"start":{"line":95,"column":8},"end":{"line":95,"column":null}},"61":{"start":{"line":98,"column":10},"end":{"line":98,"column":null}},"62":{"start":{"line":98,"column":26},"end":{"line":98,"column":null}},"63":{"start":{"line":99,"column":10},"end":{"line":99,"column":null}},"64":{"start":{"line":99,"column":27},"end":{"line":99,"column":null}},"65":{"start":{"line":100,"column":10},"end":{"line":100,"column":null}},"66":{"start":{"line":100,"column":29},"end":{"line":100,"column":null}},"67":{"start":{"line":101,"column":10},"end":{"line":101,"column":null}},"68":{"start":{"line":101,"column":34},"end":{"line":101,"column":null}},"69":{"start":{"line":103,"column":4},"end":{"line":109,"column":null}},"70":{"start":{"line":114,"column":10},"end":{"line":114,"column":null}},"71":{"start":{"line":115,"column":4},"end":{"line":115,"column":null}},"72":{"start":{"line":115,"column":14},"end":{"line":115,"column":null}},"73":{"start":{"line":116,"column":4},"end":{"line":116,"column":null}}},"fnMap":{"0":{"name":"AuthProvider","decl":{"start":{"line":6,"column":16},"end":{"line":6,"column":29}},"loc":{"start":{"line":6,"column":43},"end":{"line":111,"column":null}},"line":6},"1":{"name":"(anonymous_1)","decl":{"start":{"line":10,"column":4},"end":{"line":10,"column":20}},"loc":{"start":{"line":10,"column":20},"end":{"line":23,"column":7}},"line":10},"2":{"name":"(anonymous_2)","decl":{"start":{"line":25,"column":18},"end":{"line":25,"column":25}},"loc":{"start":{"line":25,"column":34},"end":{"line":49,"column":null}},"line":25},"3":{"name":"(anonymous_3)","decl":{"start":{"line":51,"column":26},"end":{"line":51,"column":38}},"loc":{"start":{"line":51,"column":38},"end":{"line":65,"column":null}},"line":51},"4":{"name":"(anonymous_4)","decl":{"start":{"line":67,"column":10},"end":{"line":67,"column":28}},"loc":{"start":{"line":67,"column":41},"end":{"line":70,"column":null}},"line":67},"5":{"name":"(anonymous_5)","decl":{"start":{"line":69,"column":8},"end":{"line":69,"column":16}},"loc":{"start":{"line":69,"column":24},"end":{"line":69,"column":59}},"line":69},"6":{"name":"(anonymous_6)","decl":{"start":{"line":72,"column":10},"end":{"line":72,"column":27}},"loc":{"start":{"line":72,"column":65},"end":{"line":85,"column":null}},"line":72},"7":{"name":"(anonymous_7)","decl":{"start":{"line":79,"column":8},"end":{"line":79,"column":16}},"loc":{"start":{"line":79,"column":24},"end":{"line":84,"column":16}},"line":79},"8":{"name":"(anonymous_8)","decl":{"start":{"line":87,"column":10},"end":{"line":87,"column":25}},"loc":{"start":{"line":87,"column":25},"end":{"line":96,"column":null}},"line":87},"9":{"name":"(anonymous_9)","decl":{"start":{"line":98,"column":10},"end":{"line":98,"column":26}},"loc":{"start":{"line":98,"column":26},"end":{"line":98,"column":null}},"line":98},"10":{"name":"(anonymous_10)","decl":{"start":{"line":99,"column":10},"end":{"line":99,"column":27}},"loc":{"start":{"line":99,"column":27},"end":{"line":99,"column":null}},"line":99},"11":{"name":"(anonymous_11)","decl":{"start":{"line":100,"column":10},"end":{"line":100,"column":29}},"loc":{"start":{"line":100,"column":29},"end":{"line":100,"column":null}},"line":100},"12":{"name":"(anonymous_12)","decl":{"start":{"line":101,"column":10},"end":{"line":101,"column":34}},"loc":{"start":{"line":101,"column":34},"end":{"line":101,"column":null}},"line":101},"13":{"name":"useAuth","decl":{"start":{"line":113,"column":16},"end":{"line":113,"column":26}},"loc":{"start":{"line":113,"column":26},"end":{"line":117,"column":null}},"line":113}},"branchMap":{"0":{"loc":{"start":{"line":17,"column":29},"end":{"line":17,"column":null}},"type":"binary-expr","locations":[{"start":{"line":17,"column":29},"end":{"line":17,"column":69}},{"start":{"line":17,"column":69},"end":{"line":17,"column":null}}],"line":17},"1":{"loc":{"start":{"line":19,"column":8},"end":{"line":21,"column":null}},"type":"if","locations":[{"start":{"line":19,"column":8},"end":{"line":21,"column":null}},{"start":{},"end":{}}],"line":19},"2":{"loc":{"start":{"line":19,"column":12},"end":{"line":19,"column":27}},"type":"binary-expr","locations":[{"start":{"line":19,"column":12},"end":{"line":19,"column":21}},{"start":{"line":19,"column":21},"end":{"line":19,"column":27}}],"line":19},"3":{"loc":{"start":{"line":20,"column":64},"end":{"line":20,"column":98}},"type":"cond-expr","locations":[{"start":{"line":20,"column":73},"end":{"line":20,"column":92}},{"start":{"line":20,"column":92},"end":{"line":20,"column":98}}],"line":20},"4":{"loc":{"start":{"line":29,"column":41},"end":{"line":29,"column":60}},"type":"binary-expr","locations":[{"start":{"line":29,"column":41},"end":{"line":29,"column":58}},{"start":{"line":29,"column":58},"end":{"line":29,"column":60}}],"line":29},"5":{"loc":{"start":{"line":31,"column":41},"end":{"line":31,"column":73}},"type":"cond-expr","locations":[{"start":{"line":31,"column":57},"end":{"line":31,"column":66}},{"start":{"line":31,"column":66},"end":{"line":31,"column":73}}],"line":31},"6":{"loc":{"start":{"line":36,"column":27},"end":{"line":36,"column":null}},"type":"binary-expr","locations":[{"start":{"line":36,"column":27},"end":{"line":36,"column":57}},{"start":{"line":36,"column":57},"end":{"line":36,"column":null}}],"line":36},"7":{"loc":{"start":{"line":37,"column":12},"end":{"line":37,"column":null}},"type":"if","locations":[{"start":{"line":37,"column":12},"end":{"line":37,"column":null}},{"start":{},"end":{}}],"line":37},"8":{"loc":{"start":{"line":53,"column":8},"end":{"line":53,"column":null}},"type":"if","locations":[{"start":{"line":53,"column":8},"end":{"line":53,"column":null}},{"start":{},"end":{}}],"line":53},"9":{"loc":{"start":{"line":58,"column":12},"end":{"line":61,"column":null}},"type":"if","locations":[{"start":{"line":58,"column":12},"end":{"line":61,"column":null}},{"start":{},"end":{}}],"line":58},"10":{"loc":{"start":{"line":68,"column":41},"end":{"line":68,"column":68}},"type":"cond-expr","locations":[{"start":{"line":68,"column":52},"end":{"line":68,"column":61}},{"start":{"line":68,"column":61},"end":{"line":68,"column":68}}],"line":68},"11":{"loc":{"start":{"line":69,"column":24},"end":{"line":69,"column":59}},"type":"cond-expr","locations":[{"start":{"line":69,"column":31},"end":{"line":69,"column":55}},{"start":{"line":69,"column":55},"end":{"line":69,"column":59}}],"line":69},"12":{"loc":{"start":{"line":74,"column":8},"end":{"line":74,"column":null}},"type":"if","locations":[{"start":{"line":74,"column":8},"end":{"line":74,"column":null}},{"start":{},"end":{}}],"line":74},"13":{"loc":{"start":{"line":75,"column":8},"end":{"line":78,"column":null}},"type":"if","locations":[{"start":{"line":75,"column":8},"end":{"line":78,"column":null}},{"start":{},"end":{}}],"line":75},"14":{"loc":{"start":{"line":76,"column":12},"end":{"line":77,"column":null}},"type":"if","locations":[{"start":{"line":76,"column":12},"end":{"line":77,"column":null}},{"start":{"line":77,"column":17},"end":{"line":77,"column":null}}],"line":76},"15":{"loc":{"start":{"line":79,"column":24},"end":{"line":84,"column":16}},"type":"cond-expr","locations":[{"start":{"line":79,"column":31},"end":{"line":84,"column":12}},{"start":{"line":84,"column":12},"end":{"line":84,"column":16}}],"line":79},"16":{"loc":{"start":{"line":82,"column":22},"end":{"line":82,"column":null}},"type":"binary-expr","locations":[{"start":{"line":82,"column":22},"end":{"line":82,"column":34}},{"start":{"line":82,"column":34},"end":{"line":82,"column":null}}],"line":82},"17":{"loc":{"start":{"line":83,"column":16},"end":{"line":83,"column":null}},"type":"cond-expr","locations":[{"start":{"line":83,"column":45},"end":{"line":83,"column":64}},{"start":{"line":83,"column":64},"end":{"line":83,"column":null}}],"line":83},"18":{"loc":{"start":{"line":115,"column":4},"end":{"line":115,"column":null}},"type":"if","locations":[{"start":{"line":115,"column":4},"end":{"line":115,"column":null}},{"start":{},"end":{}}],"line":115}},"s":{"0":2,"1":36,"2":36,"3":36,"4":12,"5":12,"6":12,"7":12,"8":12,"9":12,"10":12,"11":12,"12":2,"13":12,"14":36,"15":8,"16":8,"17":8,"18":8,"19":8,"20":8,"21":8,"22":8,"23":8,"24":3,"25":8,"26":3,"27":8,"28":36,"29":0,"30":0,"31":0,"32":0,"33":0,"34":0,"35":0,"36":0,"37":0,"38":36,"39":1,"40":1,"41":1,"42":36,"43":2,"44":2,"45":1,"46":2,"47":1,"48":1,"49":0,"50":2,"51":2,"52":36,"53":1,"54":1,"55":1,"56":1,"57":1,"58":1,"59":1,"60":1,"61":36,"62":27,"63":36,"64":27,"65":36,"66":27,"67":36,"68":27,"69":36,"70":48,"71":48,"72":0,"73":48},"f":{"0":36,"1":12,"2":8,"3":0,"4":1,"5":1,"6":2,"7":2,"8":1,"9":27,"10":27,"11":27,"12":27,"13":48},"b":{"0":[12,12],"1":[2,10],"2":[12,2],"3":[2,0],"4":[8,1],"5":[7,1],"6":[3,0],"7":[3,5],"8":[0,0],"9":[0,0],"10":[0,1],"11":[1,0],"12":[1,1],"13":[1,1],"14":[1,0],"15":[2,0],"16":[2,1],"17":[1,1],"18":[0,48]},"meta":{"lastBranch":19,"lastFunction":14,"lastStatement":74,"seen":{"s:4:6:4:Infinity":0,"f:6:16:6:29":0,"s:7:17:7:Infinity":1,"s:8:20:8:Infinity":2,"s:10:4:23:Infinity":3,"f:10:4:10:20":1,"s:11:22:11:Infinity":4,"s:12:21:12:Infinity":5,"s:13:26:13:Infinity":6,"s:14:25:14:Infinity":7,"s:15:23:15:Infinity":8,"s:16:25:16:Infinity":9,"s:17:29:17:Infinity":10,"b:17:29:17:69:17:69:17:Infinity":0,"b:19:8:21:Infinity:undefined:undefined:undefined:undefined":1,"s:19:8:21:Infinity":11,"b:19:12:19:21:19:21:19:27":2,"s:20:12:20:Infinity":12,"b:20:73:20:92:20:92:20:98":3,"s:22:8:22:Infinity":13,"s:25:18:49:Infinity":14,"f:25:18:25:25":2,"s:26:8:26:Infinity":15,"s:27:8:27:Infinity":16,"s:28:8:28:Infinity":17,"s:29:8:29:Infinity":18,"b:29:41:29:58:29:58:29:60":4,"s:30:8:30:Infinity":19,"s:31:8:31:Infinity":20,"b:31:57:31:66:31:66:31:73":5,"s:33:27:33:Infinity":21,"s:34:8:38:Infinity":22,"s:35:28:35:Infinity":23,"s:36:12:36:Infinity":24,"b:36:27:36:57:36:57:36:Infinity":6,"b:37:12:37:Infinity:undefined:undefined:undefined:undefined":7,"s:37:12:37:Infinity":25,"s:37:30:37:Infinity":26,"s:40:8:48:Infinity":27,"s:51:26:65:Infinity":28,"f:51:26:51:38":3,"s:52:22:52:Infinity":29,"b:53:8:53:Infinity:undefined:undefined:undefined:undefined":8,"s:53:8:53:Infinity":30,"s:53:20:53:Infinity":31,"s:54:8:64:Infinity":32,"s:55:24:57:Infinity":33,"b:58:12:61:Infinity:undefined:undefined:undefined:undefined":9,"s:58:12:61:Infinity":34,"s:59:16:59:Infinity":35,"s:60:16:60:Infinity":36,"s:63:12:63:Infinity":37,"s:67:10:70:Infinity":38,"f:67:10:67:28":4,"s:68:8:68:Infinity":39,"b:68:52:68:61:68:61:68:68":10,"s:69:8:69:Infinity":40,"f:69:8:69:16":5,"s:69:24:69:59":41,"b:69:31:69:55:69:55:69:59":11,"s:72:10:85:Infinity":42,"f:72:10:72:27":6,"s:73:8:73:Infinity":43,"b:74:8:74:Infinity:undefined:undefined:undefined:undefined":12,"s:74:8:74:Infinity":44,"s:74:22:74:Infinity":45,"b:75:8:78:Infinity:undefined:undefined:undefined:undefined":13,"s:75:8:78:Infinity":46,"b:76:12:77:Infinity:77:17:77:Infinity":14,"s:76:12:77:Infinity":47,"s:76:30:76:Infinity":48,"s:77:17:77:Infinity":49,"s:79:8:84:Infinity":50,"f:79:8:79:16":7,"s:79:24:84:16":51,"b:79:31:84:12:84:12:84:16":15,"b:82:22:82:34:82:34:82:Infinity":16,"b:83:45:83:64:83:64:83:Infinity":17,"s:87:10:96:Infinity":52,"f:87:10:87:25":8,"s:88:8:88:Infinity":53,"s:89:8:89:Infinity":54,"s:90:8:90:Infinity":55,"s:91:8:91:Infinity":56,"s:92:8:92:Infinity":57,"s:93:8:93:Infinity":58,"s:94:8:94:Infinity":59,"s:95:8:95:Infinity":60,"s:98:10:98:Infinity":61,"f:98:10:98:26":9,"s:98:26:98:Infinity":62,"s:99:10:99:Infinity":63,"f:99:10:99:27":10,"s:99:27:99:Infinity":64,"s:100:10:100:Infinity":65,"f:100:10:100:29":11,"s:100:29:100:Infinity":66,"s:101:10:101:Infinity":67,"f:101:10:101:34":12,"s:101:34:101:Infinity":68,"s:103:4:109:Infinity":69,"f:113:16:113:26":13,"s:114:10:114:Infinity":70,"b:115:4:115:Infinity:undefined:undefined:undefined:undefined":18,"s:115:4:115:Infinity":71,"s:115:14:115:Infinity":72,"s:116:4:116:Infinity":73}}}
,"C:\\Users\\a\\OneDrive\\Desktop\\atrevido_fitness\\src\\pages\\public\\Login.jsx": {"path":"C:\\Users\\a\\OneDrive\\Desktop\\atrevido_fitness\\src\\pages\\public\\Login.jsx","statementMap":{"0":{"start":{"line":8,"column":8},"end":{"line":8,"column":null}},"1":{"start":{"line":9,"column":8},"end":{"line":9,"column":null}},"2":{"start":{"line":10,"column":10},"end":{"line":10,"column":null}},"3":{"start":{"line":12,"column":15},"end":{"line":12,"column":null}},"4":{"start":{"line":13,"column":16},"end":{"line":13,"column":null}},"5":{"start":{"line":14,"column":18},"end":{"line":14,"column":null}},"6":{"start":{"line":17,"column":25},"end":{"line":17,"column":null}},"7":{"start":{"line":19,"column":8},"end":{"line":19,"column":null}},"8":{"start":{"line":19,"column":30},"end":{"line":19,"column":null}},"9":{"start":{"line":21,"column":23},"end":{"line":41,"column":null}},"10":{"start":{"line":22,"column":4},"end":{"line":22,"column":null}},"11":{"start":{"line":23,"column":4},"end":{"line":23,"column":null}},"12":{"start":{"line":24,"column":4},"end":{"line":27,"column":null}},"13":{"start":{"line":25,"column":6},"end":{"line":25,"column":null}},"14":{"start":{"line":26,"column":6},"end":{"line":26,"column":null}},"15":{"start":{"line":28,"column":4},"end":{"line":28,"column":null}},"16":{"start":{"line":29,"column":4},"end":{"line":40,"column":null}},"17":{"start":{"line":30,"column":19},"end":{"line":30,"column":null}},"18":{"start":{"line":31,"column":6},"end":{"line":31,"column":null}},"19":{"start":{"line":32,"column":19},"end":{"line":32,"column":null}},"20":{"start":{"line":33,"column":6},"end":{"line":33,"column":null}},"21":{"start":{"line":33,"column":16},"end":{"line":33,"column":null}},"22":{"start":{"line":34,"column":6},"end":{"line":35,"column":null}},"23":{"start":{"line":34,"column":33},"end":{"line":34,"column":null}},"24":{"start":{"line":35,"column":11},"end":{"line":35,"column":null}},"25":{"start":{"line":37,"column":6},"end":{"line":37,"column":null}},"26":{"start":{"line":39,"column":6},"end":{"line":39,"column":null}},"27":{"start":{"line":43,"column":21},"end":{"line":43,"column":null}},"28":{"start":{"line":44,"column":21},"end":{"line":44,"column":null}},"29":{"start":{"line":46,"column":2},"end":{"line":91,"column":null}}},"fnMap":{"0":{"name":"Login","decl":{"start":{"line":7,"column":24},"end":{"line":7,"column":32}},"loc":{"start":{"line":7,"column":32},"end":{"line":93,"column":null}},"line":7},"1":{"name":"(anonymous_1)","decl":{"start":{"line":19,"column":8},"end":{"line":19,"column":24}},"loc":{"start":{"line":19,"column":30},"end":{"line":19,"column":null}},"line":19},"2":{"name":"(anonymous_2)","decl":{"start":{"line":21,"column":23},"end":{"line":21,"column":30}},"loc":{"start":{"line":21,"column":36},"end":{"line":41,"column":null}},"line":21}},"branchMap":{"0":{"loc":{"start":{"line":24,"column":4},"end":{"line":27,"column":null}},"type":"if","locations":[{"start":{"line":24,"column":4},"end":{"line":27,"column":null}},{"start":{},"end":{}}],"line":24},"1":{"loc":{"start":{"line":24,"column":8},"end":{"line":24,"column":42}},"type":"binary-expr","locations":[{"start":{"line":24,"column":8},"end":{"line":24,"column":26}},{"start":{"line":24,"column":26},"end":{"line":24,"column":42}}],"line":24},"2":{"loc":{"start":{"line":33,"column":6},"end":{"line":33,"column":null}},"type":"if","locations":[{"start":{"line":33,"column":6},"end":{"line":33,"column":null}},{"start":{},"end":{}}],"line":33},"3":{"loc":{"start":{"line":34,"column":6},"end":{"line":35,"column":null}},"type":"if","locations":[{"start":{"line":34,"column":6},"end":{"line":35,"column":null}},{"start":{"line":35,"column":11},"end":{"line":35,"column":null}}],"line":34},"4":{"loc":{"start":{"line":37,"column":15},"end":{"line":37,"column":66}},"type":"binary-expr","locations":[{"start":{"line":37,"column":15},"end":{"line":37,"column":30}},{"start":{"line":37,"column":30},"end":{"line":37,"column":66}}],"line":37},"5":{"loc":{"start":{"line":58,"column":11},"end":{"line":61,"column":null}},"type":"binary-expr","locations":[{"start":{"line":58,"column":11},"end":{"line":58,"column":null}},{"start":{"line":59,"column":12},"end":{"line":61,"column":null}}],"line":58},"6":{"loc":{"start":{"line":63,"column":11},"end":{"line":66,"column":null}},"type":"binary-expr","locations":[{"start":{"line":63,"column":11},"end":{"line":63,"column":null}},{"start":{"line":64,"column":12},"end":{"line":66,"column":null}}],"line":63},"7":{"loc":{"start":{"line":80,"column":13},"end":{"line":80,"column":null}},"type":"cond-expr","locations":[{"start":{"line":80,"column":23},"end":{"line":80,"column":38}},{"start":{"line":80,"column":38},"end":{"line":80,"column":null}}],"line":80}},"s":{"0":8,"1":8,"2":8,"3":8,"4":8,"5":8,"6":8,"7":8,"8":2,"9":8,"10":2,"11":2,"12":2,"13":1,"14":1,"15":1,"16":1,"17":1,"18":1,"19":1,"20":2,"21":0,"22":1,"23":0,"24":1,"25":0,"26":1,"27":8,"28":8,"29":8},"f":{"0":8,"1":2,"2":2},"b":{"0":[1,1],"1":[2,1],"2":[0,2],"3":[0,1],"4":[0,0],"5":[8,0],"6":[8,1],"7":[1,7]},"meta":{"lastBranch":8,"lastFunction":3,"lastStatement":30,"seen":{"f:7:24:7:32":0,"s:8:8:8:Infinity":0,"s:9:8:9:Infinity":1,"s:10:10:10:Infinity":2,"s:12:15:12:Infinity":3,"s:13:16:13:Infinity":4,"s:14:18:14:Infinity":5,"s:17:25:17:Infinity":6,"s:19:8:19:Infinity":7,"f:19:8:19:24":1,"s:19:30:19:Infinity":8,"s:21:23:41:Infinity":9,"f:21:23:21:30":2,"s:22:4:22:Infinity":10,"s:23:4:23:Infinity":11,"b:24:4:27:Infinity:undefined:undefined:undefined:undefined":0,"s:24:4:27:Infinity":12,"b:24:8:24:26:24:26:24:42":1,"s:25:6:25:Infinity":13,"s:26:6:26:Infinity":14,"s:28:4:28:Infinity":15,"s:29:4:40:Infinity":16,"s:30:19:30:Infinity":17,"s:31:6:31:Infinity":18,"s:32:19:32:Infinity":19,"b:33:6:33:Infinity:undefined:undefined:undefined:undefined":2,"s:33:6:33:Infinity":20,"s:33:16:33:Infinity":21,"b:34:6:35:Infinity:35:11:35:Infinity":3,"s:34:6:35:Infinity":22,"s:34:33:34:Infinity":23,"s:35:11:35:Infinity":24,"s:37:6:37:Infinity":25,"b:37:15:37:30:37:30:37:66":4,"s:39:6:39:Infinity":26,"s:43:21:43:Infinity":27,"s:44:21:44:Infinity":28,"s:46:2:91:Infinity":29,"b:58:11:58:Infinity:59:12:61:Infinity":5,"b:63:11:63:Infinity:64:12:66:Infinity":6,"b:80:23:80:38:80:38:80:Infinity":7}}}
,"C:\\Users\\a\\OneDrive\\Desktop\\atrevido_fitness\\src\\pages\\public\\Register.jsx": {"path":"C:\\Users\\a\\OneDrive\\Desktop\\atrevido_fitness\\src\\pages\\public\\Register.jsx","statementMap":{"0":{"start":{"line":8,"column":17},"end":{"line":12,"column":null}},"1":{"start":{"line":15,"column":2},"end":{"line":15,"column":null}},"2":{"start":{"line":15,"column":27},"end":{"line":15,"column":null}},"3":{"start":{"line":16,"column":2},"end":{"line":16,"column":null}},"4":{"start":{"line":16,"column":31},"end":{"line":16,"column":null}},"5":{"start":{"line":17,"column":2},"end":{"line":18,"column":null}},"6":{"start":{"line":18,"column":4},"end":{"line":18,"column":null}},"7":{"start":{"line":19,"column":2},"end":{"line":19,"column":null}},"8":{"start":{"line":23,"column":8},"end":{"line":23,"column":null}},"9":{"start":{"line":24,"column":10},"end":{"line":24,"column":null}},"10":{"start":{"line":26,"column":15},"end":{"line":29,"column":null}},"11":{"start":{"line":30,"column":20},"end":{"line":30,"column":null}},"12":{"start":{"line":31,"column":16},"end":{"line":31,"column":null}},"13":{"start":{"line":32,"column":24},"end":{"line":32,"column":null}},"14":{"start":{"line":33,"column":18},"end":{"line":33,"column":null}},"15":{"start":{"line":35,"column":8},"end":{"line":42,"column":null}},"16":{"start":{"line":36,"column":26},"end":{"line":36,"column":null}},"17":{"start":{"line":37,"column":4},"end":{"line":37,"column":null}},"18":{"start":{"line":37,"column":21},"end":{"line":37,"column":46}},"19":{"start":{"line":39,"column":4},"end":{"line":41,"column":null}},"20":{"start":{"line":40,"column":6},"end":{"line":40,"column":null}},"21":{"start":{"line":44,"column":23},"end":{"line":97,"column":null}},"22":{"start":{"line":45,"column":4},"end":{"line":45,"column":null}},"23":{"start":{"line":46,"column":4},"end":{"line":46,"column":null}},"24":{"start":{"line":48,"column":4},"end":{"line":51,"column":null}},"25":{"start":{"line":49,"column":6},"end":{"line":49,"column":null}},"26":{"start":{"line":50,"column":6},"end":{"line":50,"column":null}},"27":{"start":{"line":52,"column":4},"end":{"line":55,"column":null}},"28":{"start":{"line":53,"column":6},"end":{"line":53,"column":null}},"29":{"start":{"line":54,"column":6},"end":{"line":54,"column":null}},"30":{"start":{"line":56,"column":4},"end":{"line":59,"column":null}},"31":{"start":{"line":57,"column":6},"end":{"line":57,"column":null}},"32":{"start":{"line":58,"column":6},"end":{"line":58,"column":null}},"33":{"start":{"line":60,"column":19},"end":{"line":60,"column":null}},"34":{"start":{"line":61,"column":4},"end":{"line":61,"column":null}},"35":{"start":{"line":61,"column":18},"end":{"line":61,"column":36}},"36":{"start":{"line":61,"column":36},"end":{"line":61,"column":43}},"37":{"start":{"line":62,"column":4},"end":{"line":65,"column":null}},"38":{"start":{"line":63,"column":6},"end":{"line":63,"column":null}},"39":{"start":{"line":64,"column":6},"end":{"line":64,"column":null}},"40":{"start":{"line":66,"column":4},"end":{"line":69,"column":null}},"41":{"start":{"line":67,"column":6},"end":{"line":67,"column":null}},"42":{"start":{"line":68,"column":6},"end":{"line":68,"column":null}},"43":{"start":{"line":70,"column":4},"end":{"line":73,"column":null}},"44":{"start":{"line":71,"column":6},"end":{"line":71,"column":null}},"45":{"start":{"line":72,"column":6},"end":{"line":72,"column":null}},"46":{"start":{"line":74,"column":4},"end":{"line":77,"column":null}},"47":{"start":{"line":75,"column":6},"end":{"line":75,"column":null}},"48":{"start":{"line":76,"column":6},"end":{"line":76,"column":null}},"49":{"start":{"line":79,"column":4},"end":{"line":79,"column":null}},"50":{"start":{"line":80,"column":4},"end":{"line":96,"column":null}},"51":{"start":{"line":81,"column":27},"end":{"line":88,"column":null}},"52":{"start":{"line":89,"column":6},"end":{"line":89,"column":null}},"53":{"start":{"line":90,"column":6},"end":{"line":90,"column":null}},"54":{"start":{"line":91,"column":6},"end":{"line":91,"column":null}},"55":{"start":{"line":93,"column":6},"end":{"line":93,"column":null}},"56":{"start":{"line":95,"column":6},"end":{"line":95,"column":null}},"57":{"start":{"line":99,"column":8},"end":{"line":102,"column":null}},"58":{"start":{"line":100,"column":4},"end":{"line":100,"column":null}},"59":{"start":{"line":101,"column":4},"end":{"line":101,"column":null}},"60":{"start":{"line":104,"column":21},"end":{"line":104,"column":null}},"61":{"start":{"line":105,"column":21},"end":{"line":105,"column":null}},"62":{"start":{"line":107,"column":2},"end":{"line":246,"column":null}},"63":{"start":{"line":155,"column":73},"end":{"line":155,"column":118}},"64":{"start":{"line":155,"column":90},"end":{"line":155,"column":114}},"65":{"start":{"line":191,"column":31},"end":{"line":191,"column":null}},"66":{"start":{"line":195,"column":16},"end":{"line":195,"column":null}},"67":{"start":{"line":204,"column":31},"end":{"line":204,"column":79}}},"fnMap":{"0":{"name":"validatePassword","decl":{"start":{"line":14,"column":9},"end":{"line":14,"column":26}},"loc":{"start":{"line":14,"column":36},"end":{"line":20,"column":null}},"line":14},"1":{"name":"Register","decl":{"start":{"line":22,"column":24},"end":{"line":22,"column":35}},"loc":{"start":{"line":22,"column":35},"end":{"line":248,"column":null}},"line":22},"2":{"name":"(anonymous_2)","decl":{"start":{"line":35,"column":8},"end":{"line":35,"column":24}},"loc":{"start":{"line":35,"column":30},"end":{"line":42,"column":null}},"line":35},"3":{"name":"(anonymous_3)","decl":{"start":{"line":37,"column":4},"end":{"line":37,"column":12}},"loc":{"start":{"line":37,"column":21},"end":{"line":37,"column":46}},"line":37},"4":{"name":"(anonymous_4)","decl":{"start":{"line":44,"column":23},"end":{"line":44,"column":30}},"loc":{"start":{"line":44,"column":36},"end":{"line":97,"column":null}},"line":44},"5":{"name":"(anonymous_5)","decl":{"start":{"line":99,"column":8},"end":{"line":99,"column":33}},"loc":{"start":{"line":99,"column":33},"end":{"line":102,"column":null}},"line":99},"6":{"name":"(anonymous_6)","decl":{"start":{"line":155,"column":54},"end":{"line":155,"column":65}},"loc":{"start":{"line":155,"column":73},"end":{"line":155,"column":118}},"line":155},"7":{"name":"(anonymous_7)","decl":{"start":{"line":155,"column":73},"end":{"line":155,"column":81}},"loc":{"start":{"line":155,"column":90},"end":{"line":155,"column":114}},"line":155},"8":{"name":"(anonymous_8)","decl":{"start":{"line":191,"column":14},"end":{"line":191,"column":25}},"loc":{"start":{"line":191,"column":31},"end":{"line":191,"column":null}},"line":191},"9":{"name":"(anonymous_9)","decl":{"start":{"line":194,"column":24},"end":{"line":194,"column":29}},"loc":{"start":{"line":195,"column":16},"end":{"line":195,"column":null}},"line":195},"10":{"name":"(anonymous_10)","decl":{"start":{"line":204,"column":14},"end":{"line":204,"column":25}},"loc":{"start":{"line":204,"column":31},"end":{"line":204,"column":79}},"line":204}},"branchMap":{"0":{"loc":{"start":{"line":15,"column":2},"end":{"line":15,"column":null}},"type":"if","locations":[{"start":{"line":15,"column":2},"end":{"line":15,"column":null}},{"start":{},"end":{}}],"line":15},"1":{"loc":{"start":{"line":16,"column":2},"end":{"line":16,"column":null}},"type":"if","locations":[{"start":{"line":16,"column":2},"end":{"line":16,"column":null}},{"start":{},"end":{}}],"line":16},"2":{"loc":{"start":{"line":17,"column":2},"end":{"line":18,"column":null}},"type":"if","locations":[{"start":{"line":17,"column":2},"end":{"line":18,"column":null}},{"start":{},"end":{}}],"line":17},"3":{"loc":{"start":{"line":39,"column":4},"end":{"line":41,"column":null}},"type":"if","locations":[{"start":{"line":39,"column":4},"end":{"line":41,"column":null}},{"start":{},"end":{}}],"line":39},"4":{"loc":{"start":{"line":40,"column":23},"end":{"line":40,"column":52}},"type":"binary-expr","locations":[{"start":{"line":40,"column":23},"end":{"line":40,"column":50}},{"start":{"line":40,"column":50},"end":{"line":40,"column":52}}],"line":40},"5":{"loc":{"start":{"line":48,"column":4},"end":{"line":51,"column":null}},"type":"if","locations":[{"start":{"line":48,"column":4},"end":{"line":51,"column":null}},{"start":{},"end":{}}],"line":48},"6":{"loc":{"start":{"line":48,"column":8},"end":{"line":48,"column":79}},"type":"binary-expr","locations":[{"start":{"line":48,"column":8},"end":{"line":48,"column":27}},{"start":{"line":48,"column":27},"end":{"line":48,"column":45}},{"start":{"line":48,"column":45},"end":{"line":48,"column":63}},{"start":{"line":48,"column":63},"end":{"line":48,"column":79}}],"line":48},"7":{"loc":{"start":{"line":52,"column":4},"end":{"line":55,"column":null}},"type":"if","locations":[{"start":{"line":52,"column":4},"end":{"line":55,"column":null}},{"start":{},"end":{}}],"line":52},"8":{"loc":{"start":{"line":56,"column":4},"end":{"line":59,"column":null}},"type":"if","locations":[{"start":{"line":56,"column":4},"end":{"line":59,"column":null}},{"start":{},"end":{}}],"line":56},"9":{"loc":{"start":{"line":61,"column":4},"end":{"line":61,"column":null}},"type":"if","locations":[{"start":{"line":61,"column":4},"end":{"line":61,"column":null}},{"start":{},"end":{}}],"line":61},"10":{"loc":{"start":{"line":62,"column":4},"end":{"line":65,"column":null}},"type":"if","locations":[{"start":{"line":62,"column":4},"end":{"line":65,"column":null}},{"start":{},"end":{}}],"line":62},"11":{"loc":{"start":{"line":66,"column":4},"end":{"line":69,"column":null}},"type":"if","locations":[{"start":{"line":66,"column":4},"end":{"line":69,"column":null}},{"start":{},"end":{}}],"line":66},"12":{"loc":{"start":{"line":70,"column":4},"end":{"line":73,"column":null}},"type":"if","locations":[{"start":{"line":70,"column":4},"end":{"line":73,"column":null}},{"start":{},"end":{}}],"line":70},"13":{"loc":{"start":{"line":74,"column":4},"end":{"line":77,"column":null}},"type":"if","locations":[{"start":{"line":74,"column":4},"end":{"line":77,"column":null}},{"start":{},"end":{}}],"line":74},"14":{"loc":{"start":{"line":74,"column":8},"end":{"line":74,"column":51}},"type":"binary-expr","locations":[{"start":{"line":74,"column":8},"end":{"line":74,"column":22}},{"start":{"line":74,"column":22},"end":{"line":74,"column":51}}],"line":74},"15":{"loc":{"start":{"line":85,"column":15},"end":{"line":85,"column":null}},"type":"binary-expr","locations":[{"start":{"line":85,"column":15},"end":{"line":85,"column":29}},{"start":{"line":85,"column":29},"end":{"line":85,"column":null}}],"line":85},"16":{"loc":{"start":{"line":86,"column":21},"end":{"line":86,"column":null}},"type":"binary-expr","locations":[{"start":{"line":86,"column":21},"end":{"line":86,"column":35}},{"start":{"line":86,"column":35},"end":{"line":86,"column":null}}],"line":86},"17":{"loc":{"start":{"line":93,"column":15},"end":{"line":93,"column":56}},"type":"binary-expr","locations":[{"start":{"line":93,"column":15},"end":{"line":93,"column":30}},{"start":{"line":93,"column":30},"end":{"line":93,"column":56}}],"line":93},"18":{"loc":{"start":{"line":119,"column":11},"end":{"line":122,"column":null}},"type":"binary-expr","locations":[{"start":{"line":119,"column":11},"end":{"line":119,"column":null}},{"start":{"line":120,"column":12},"end":{"line":122,"column":null}}],"line":119},"19":{"loc":{"start":{"line":164,"column":63},"end":{"line":164,"column":null}},"type":"cond-expr","locations":[{"start":{"line":164,"column":91},"end":{"line":164,"column":110}},{"start":{"line":164,"column":110},"end":{"line":164,"column":null}}],"line":164},"20":{"loc":{"start":{"line":165,"column":23},"end":{"line":165,"column":67}},"type":"cond-expr","locations":[{"start":{"line":165,"column":51},"end":{"line":165,"column":57}},{"start":{"line":165,"column":57},"end":{"line":165,"column":67}}],"line":165},"21":{"loc":{"start":{"line":167,"column":63},"end":{"line":167,"column":null}},"type":"cond-expr","locations":[{"start":{"line":167,"column":93},"end":{"line":167,"column":112}},{"start":{"line":167,"column":112},"end":{"line":167,"column":null}}],"line":167},"22":{"loc":{"start":{"line":168,"column":23},"end":{"line":168,"column":69}},"type":"cond-expr","locations":[{"start":{"line":168,"column":53},"end":{"line":168,"column":59}},{"start":{"line":168,"column":59},"end":{"line":168,"column":69}}],"line":168},"23":{"loc":{"start":{"line":170,"column":63},"end":{"line":170,"column":null}},"type":"cond-expr","locations":[{"start":{"line":170,"column":125},"end":{"line":170,"column":144}},{"start":{"line":170,"column":144},"end":{"line":170,"column":null}}],"line":170},"24":{"loc":{"start":{"line":171,"column":23},"end":{"line":171,"column":101}},"type":"cond-expr","locations":[{"start":{"line":171,"column":85},"end":{"line":171,"column":91}},{"start":{"line":171,"column":91},"end":{"line":171,"column":101}}],"line":171},"25":{"loc":{"start":{"line":180,"column":13},"end":{"line":181,"column":null}},"type":"binary-expr","locations":[{"start":{"line":180,"column":13},"end":{"line":180,"column":37}},{"start":{"line":180,"column":37},"end":{"line":180,"column":null}},{"start":{"line":181,"column":14},"end":{"line":181,"column":null}}],"line":180},"26":{"loc":{"start":{"line":183,"column":13},"end":{"line":184,"column":null}},"type":"binary-expr","locations":[{"start":{"line":183,"column":13},"end":{"line":183,"column":37}},{"start":{"line":183,"column":37},"end":{"line":183,"column":79}},{"start":{"line":183,"column":79},"end":{"line":183,"column":null}},{"start":{"line":184,"column":14},"end":{"line":184,"column":null}}],"line":183},"27":{"loc":{"start":{"line":192,"column":42},"end":{"line":192,"column":null}},"type":"cond-expr","locations":[{"start":{"line":192,"column":66},"end":{"line":192,"column":92}},{"start":{"line":192,"column":92},"end":{"line":192,"column":null}}],"line":192},"28":{"loc":{"start":{"line":215,"column":13},"end":{"line":215,"column":null}},"type":"cond-expr","locations":[{"start":{"line":215,"column":23},"end":{"line":215,"column":37}},{"start":{"line":215,"column":37},"end":{"line":215,"column":null}}],"line":215},"29":{"loc":{"start":{"line":227,"column":7},"end":{"line":246,"column":null}},"type":"binary-expr","locations":[{"start":{"line":227,"column":7},"end":{"line":227,"column":null}},{"start":{"line":228,"column":8},"end":{"line":246,"column":null}}],"line":227}},"s":{"0":1,"1":2,"2":0,"3":2,"4":0,"5":2,"6":0,"7":2,"8":21,"9":21,"10":21,"11":21,"12":21,"13":21,"14":21,"15":21,"16":6,"17":6,"18":6,"19":6,"20":1,"21":21,"22":3,"23":3,"24":3,"25":2,"26":2,"27":1,"28":0,"29":0,"30":1,"31":0,"32":0,"33":1,"34":1,"35":0,"36":0,"37":1,"38":0,"39":0,"40":1,"41":0,"42":0,"43":1,"44":0,"45":0,"46":1,"47":0,"48":0,"49":1,"50":1,"51":1,"52":1,"53":1,"54":1,"55":0,"56":1,"57":21,"58":0,"59":0,"60":21,"61":21,"62":21,"63":0,"64":0,"65":1,"66":63,"67":1},"f":{"0":2,"1":21,"2":6,"3":6,"4":3,"5":0,"6":0,"7":0,"8":1,"9":63,"10":1},"b":{"0":[0,2],"1":[0,2],"2":[0,2],"3":[1,5],"4":[1,1],"5":[2,1],"6":[3,2,1,1],"7":[0,1],"8":[0,1],"9":[0,1],"10":[0,1],"11":[0,1],"12":[0,1],"13":[0,1],"14":[1,0],"15":[1,1],"16":[3,1],"17":[0,0],"18":[21,2],"19":[7,14],"20":[7,14],"21":[7,14],"22":[7,14],"23":[7,14],"24":[7,14],"25":[21,6,0],"26":[21,6,6,6],"27":[16,5],"28":[2,19],"29":[21,1]},"meta":{"lastBranch":30,"lastFunction":11,"lastStatement":68,"seen":{"s:8:17:12:Infinity":0,"f:14:9:14:26":0,"b:15:2:15:Infinity:undefined:undefined:undefined:undefined":0,"s:15:2:15:Infinity":1,"s:15:27:15:Infinity":2,"b:16:2:16:Infinity:undefined:undefined:undefined:undefined":1,"s:16:2:16:Infinity":3,"s:16:31:16:Infinity":4,"b:17:2:18:Infinity:undefined:undefined:undefined:undefined":2,"s:17:2:18:Infinity":5,"s:18:4:18:Infinity":6,"s:19:2:19:Infinity":7,"f:22:24:22:35":1,"s:23:8:23:Infinity":8,"s:24:10:24:Infinity":9,"s:26:15:29:Infinity":10,"s:30:20:30:Infinity":11,"s:31:16:31:Infinity":12,"s:32:24:32:Infinity":13,"s:33:18:33:Infinity":14,"s:35:8:42:Infinity":15,"f:35:8:35:24":2,"s:36:26:36:Infinity":16,"s:37:4:37:Infinity":17,"f:37:4:37:12":3,"s:37:21:37:46":18,"b:39:4:41:Infinity:undefined:undefined:undefined:undefined":3,"s:39:4:41:Infinity":19,"s:40:6:40:Infinity":20,"b:40:23:40:50:40:50:40:52":4,"s:44:23:97:Infinity":21,"f:44:23:44:30":4,"s:45:4:45:Infinity":22,"s:46:4:46:Infinity":23,"b:48:4:51:Infinity:undefined:undefined:undefined:undefined":5,"s:48:4:51:Infinity":24,"b:48:8:48:27:48:27:48:45:48:45:48:63:48:63:48:79":6,"s:49:6:49:Infinity":25,"s:50:6:50:Infinity":26,"b:52:4:55:Infinity:undefined:undefined:undefined:undefined":7,"s:52:4:55:Infinity":27,"s:53:6:53:Infinity":28,"s:54:6:54:Infinity":29,"b:56:4:59:Infinity:undefined:undefined:undefined:undefined":8,"s:56:4:59:Infinity":30,"s:57:6:57:Infinity":31,"s:58:6:58:Infinity":32,"s:60:19:60:Infinity":33,"b:61:4:61:Infinity:undefined:undefined:undefined:undefined":9,"s:61:4:61:Infinity":34,"s:61:18:61:36":35,"s:61:36:61:43":36,"b:62:4:65:Infinity:undefined:undefined:undefined:undefined":10,"s:62:4:65:Infinity":37,"s:63:6:63:Infinity":38,"s:64:6:64:Infinity":39,"b:66:4:69:Infinity:undefined:undefined:undefined:undefined":11,"s:66:4:69:Infinity":40,"s:67:6:67:Infinity":41,"s:68:6:68:Infinity":42,"b:70:4:73:Infinity:undefined:undefined:undefined:undefined":12,"s:70:4:73:Infinity":43,"s:71:6:71:Infinity":44,"s:72:6:72:Infinity":45,"b:74:4:77:Infinity:undefined:undefined:undefined:undefined":13,"s:74:4:77:Infinity":46,"b:74:8:74:22:74:22:74:51":14,"s:75:6:75:Infinity":47,"s:76:6:76:Infinity":48,"s:79:4:79:Infinity":49,"s:80:4:96:Infinity":50,"s:81:27:88:Infinity":51,"b:85:15:85:29:85:29:85:Infinity":15,"b:86:21:86:35:86:35:86:Infinity":16,"s:89:6:89:Infinity":52,"s:90:6:90:Infinity":53,"s:91:6:91:Infinity":54,"s:93:6:93:Infinity":55,"b:93:15:93:30:93:30:93:56":17,"s:95:6:95:Infinity":56,"s:99:8:102:Infinity":57,"f:99:8:99:33":5,"s:100:4:100:Infinity":58,"s:101:4:101:Infinity":59,"s:104:21:104:Infinity":60,"s:105:21:105:Infinity":61,"s:107:2:246:Infinity":62,"b:119:11:119:Infinity:120:12:122:Infinity":18,"f:155:54:155:65":6,"s:155:73:155:118":63,"f:155:73:155:81":7,"s:155:90:155:114":64,"b:164:91:164:110:164:110:164:Infinity":19,"b:165:51:165:57:165:57:165:67":20,"b:167:93:167:112:167:112:167:Infinity":21,"b:168:53:168:59:168:59:168:69":22,"b:170:125:170:144:170:144:170:Infinity":23,"b:171:85:171:91:171:91:171:101":24,"b:180:13:180:37:180:37:180:Infinity:181:14:181:Infinity":25,"b:183:13:183:37:183:37:183:79:183:79:183:Infinity:184:14:184:Infinity":26,"f:191:14:191:25":8,"s:191:31:191:Infinity":65,"b:192:66:192:92:192:92:192:Infinity":27,"f:194:24:194:29":9,"s:195:16:195:Infinity":66,"f:204:14:204:25":10,"s:204:31:204:79":67,"b:215:23:215:37:215:37:215:Infinity":28,"b:227:7:227:Infinity:228:8:246:Infinity":29}}}
}
